<?xml version="1.0" encoding="UTF-8"?>
<testsuite name="RobotoTest" tests="2" skipped="0" failures="0" errors="0" timestamp="2021-08-24T07:55:30" hostname="iMac.home" time="0.143">
  <properties/>
  <testcase name="cuandoSaludasTeDevuelveElSaludo()" classname="RobotoTest" time="0.114"/>
  <testcase name="cuandoPreguntoElTiempoMeDevuelveElTiempo()" classname="RobotoTest" time="0.027"/>
  <system-out><![CDATA[]]></system-out>
  <system-err><![CDATA[]]></system-err>
</testsuite>
